AppCanTool.v24_最终版/app/build/outputs/logs/manifest-merger-debug-report.txt
-- Merging decision tree log ---
manifest
ADDED from src\main\AndroidManifest.xml:2:1-83:12
	package
		ADDED from src\main\AndroidManifest.xml:4:5-23
		INJECTED from src\main\AndroidManifest.xml
		INJECTED from src\main\AndroidManifest.xml
	android:versionName
		ADDED from src\main\AndroidManifest.xml:6:5-30
		INJECTED from src\main\AndroidManifest.xml
		INJECTED from src\main\AndroidManifest.xml
	xmlns:tools
		ADDED from src\main\AndroidManifest.xml:3:5-51
	android:versionCode
		ADDED from src\main\AndroidManifest.xml:5:5-28
		INJECTED from src\main\AndroidManifest.xml
		INJECTED from src\main\AndroidManifest.xml
	xmlns:android
		ADDED from src\main\AndroidManifest.xml:2:11-69
uses-sdk
ADDED from src\main\AndroidManifest.xml:8:5-10:47
MERGED from [com.android.support:appcompat-v7:19.1.0] AndroidManifest.xml:18:5-42
	android:targetSdkVersion
		INJECTED from src\main\AndroidManifest.xml
		INJECTED from src\main\AndroidManifest.xml
	tools:ignore
		ADDED from src\main\AndroidManifest.xml:10:9-44
	android:minSdkVersion
		ADDED from src\main\AndroidManifest.xml:9:9-34
		INJECTED from src\main\AndroidManifest.xml
		INJECTED from src\main\AndroidManifest.xml
uses-permission#android.permission.INTERNET
ADDED from src\main\AndroidManifest.xml:12:5-67
	android:name
		ADDED from src\main\AndroidManifest.xml:12:22-64
uses-permission#android.permission.ACCESS_NETWORK_STATE
ADDED from src\main\AndroidManifest.xml:14:5-79
	android:name
		ADDED from src\main\AndroidManifest.xml:14:22-76
uses-permission#android.permission.BLUETOOTH
ADDED from src\main\AndroidManifest.xml:16:5-68
	android:name
		ADDED from src\main\AndroidManifest.xml:16:22-65
uses-permission#android.permission.BLUETOOTH_ADMIN
ADDED from src\main\AndroidManifest.xml:17:5-74
	android:name
		ADDED from src\main\AndroidManifest.xml:17:22-71
uses-permission#android.permission.READ_EXTERNAL_STORAGE
ADDED from src\main\AndroidManifest.xml:19:5-80
	android:name
		ADDED from src\main\AndroidManifest.xml:19:22-77
uses-permission#android.permission.WRITE_EXTERNAL_STORAGE
ADDED from src\main\AndroidManifest.xml:20:5-81
	android:name
		ADDED from src\main\AndroidManifest.xml:20:22-78
uses-permission#android.permission.MOUNT_UNMOUNT_FILESYSTEMS
ADDED from src\main\AndroidManifest.xml:23:5-84
	android:name
		ADDED from src\main\AndroidManifest.xml:23:22-81
uses-permission#android.permission.VIBRATE
ADDED from src\main\AndroidManifest.xml:25:5-66
	android:name
		ADDED from src\main\AndroidManifest.xml:25:22-63
uses-permission#android.permission.READ_PHONE_STATE
ADDED from src\main\AndroidManifest.xml:26:5-75
	android:name
		ADDED from src\main\AndroidManifest.xml:26:22-72
uses-permission#android.permission.CALL_PHONE
ADDED from src\main\AndroidManifest.xml:27:5-69
	android:name
		ADDED from src\main\AndroidManifest.xml:27:22-66
application
ADDED from src\main\AndroidManifest.xml:29:5-81:19
MERGED from [com.android.support:appcompat-v7:19.1.0] AndroidManifest.xml:19:5-20
	android:label
		ADDED from src\main\AndroidManifest.xml:32:9-41
	android:allowBackup
		ADDED from src\main\AndroidManifest.xml:30:9-35
	android:icon
		ADDED from src\main\AndroidManifest.xml:31:9-45
	android:theme
		ADDED from src\main\AndroidManifest.xml:33:9-40
activity#com.view.VW_Activity_2
ADDED from src\main\AndroidManifest.xml:36:9-48:20
	android:screenOrientation
		ADDED from src\main\AndroidManifest.xml:41:13-49
	android:label
		ADDED from src\main\AndroidManifest.xml:38:13-45
	android:launchMode
		ADDED from src\main\AndroidManifest.xml:40:13-44
	android:theme
		ADDED from src\main\AndroidManifest.xml:39:13-60
	android:name
		ADDED from src\main\AndroidManifest.xml:37:13-50
intent-filter#android.intent.action.MAIN+android.intent.category.LAUNCHER
ADDED from src\main\AndroidManifest.xml:43:13-47:29
action#android.intent.action.MAIN
ADDED from src\main\AndroidManifest.xml:44:17-69
	android:name
		ADDED from src\main\AndroidManifest.xml:44:25-66
category#android.intent.category.LAUNCHER
ADDED from src\main\AndroidManifest.xml:46:17-77
	android:name
		ADDED from src\main\AndroidManifest.xml:46:27-74
activity#com.view.VW_ShowActivity
ADDED from src\main\AndroidManifest.xml:49:9-55:20
	android:screenOrientation
		ADDED from src\main\AndroidManifest.xml:53:13-49
	android:launchMode
		ADDED from src\main\AndroidManifest.xml:52:13-44
	android:theme
		ADDED from src\main\AndroidManifest.xml:51:13-60
	android:name
		ADDED from src\main\AndroidManifest.xml:50:13-52
activity#com.view.VW_SendActivity
ADDED from src\main\AndroidManifest.xml:56:9-59:20
	android:theme
		ADDED from src\main\AndroidManifest.xml:58:13-60
	android:name
		ADDED from src\main\AndroidManifest.xml:57:13-52
activity#com.view.VW_Activity
ADDED from src\main\AndroidManifest.xml:60:9-66:20
	android:screenOrientation
		ADDED from src\main\AndroidManifest.xml:64:13-49
	android:launchMode
		ADDED from src\main\AndroidManifest.xml:63:13-44
	android:theme
		ADDED from src\main\AndroidManifest.xml:62:13-60
	android:name
		ADDED from src\main\AndroidManifest.xml:61:13-48
activity#com.view.VW_lActivity
ADDED from src\main\AndroidManifest.xml:67:9-73:20
	android:screenOrientation
		ADDED from src\main\AndroidManifest.xml:71:13-49
	android:launchMode
		ADDED from src\main\AndroidManifest.xml:70:13-44
	android:theme
		ADDED from src\main\AndroidManifest.xml:69:13-60
	android:name
		ADDED from src\main\AndroidManifest.xml:68:13-49
activity#com.view.VW_DetailActivity
ADDED from src\main\AndroidManifest.xml:74:9-77:20
	android:theme
		ADDED from src\main\AndroidManifest.xml:76:13-60
	android:name
		ADDED from src\main\AndroidManifest.xml:75:13-54
service#com.service.ReceiveDataService
ADDED from src\main\AndroidManifest.xml:79:9-80:19
	android:name
		ADDED from src\main\AndroidManifest.xml:79:18-63